<?xml version="1.0" encoding="UTF-8" ?>
<testsuite failures="0" time="0.259" errors="0" skipped="0" tests="14" name="org.kopsox.spreadsheet.data.ods.OpenDocumentSheetTest">
  <properties>
[...]
</properties>
  <testcase time="0.021" classname="org.kopsox.spreadsheet.data.ods.OpenDocumentSheetTest" name="testGetValueAt"/>
  <testcase time="0.014" classname="org.kopsox.spreadsheet.data.ods.OpenDocumentSheetTest" name="testSetFormualaAt"/>
  <testcase time="0.009" classname="org.kopsox.spreadsheet.data.ods.OpenDocumentSheetTest" name="testGetNumberOfLastRow"/>
  <testcase time="0.019" classname="org.kopsox.spreadsheet.data.ods.OpenDocumentSheetTest" name="testGetNumberOfLastColumn"/>
  <testcase time="0.01" classname="org.kopsox.spreadsheet.data.ods.OpenDocumentSheetTest" name="testGetWorkbook"/>
  <testcase time="0.014" classname="org.kopsox.spreadsheet.data.ods.OpenDocumentSheetTest" name="testSetValueAtIntIntString"/>
  <testcase time="0.014" classname="org.kopsox.spreadsheet.data.ods.OpenDocumentSheetTest" name="testSetValueAtIntIntDouble"/>
  <testcase time="0.038" classname="org.kopsox.spreadsheet.data.ods.OpenDocumentSheetTest" name="testSetValueAtIntIntDate"/>
  <testcase time="0.036" classname="org.kopsox.spreadsheet.data.ods.OpenDocumentSheetTest" name="testSetValueAtIntIntTime"/>
  <testcase time="0.018" classname="org.kopsox.spreadsheet.data.ods.OpenDocumentSheetTest" name="testSetValueAtIntIntBoolean"/>
  <testcase time="0.014" classname="org.kopsox.spreadsheet.data.ods.OpenDocumentSheetTest" name="testGetSheetIndex"/>
  <testcase time="0.019" classname="org.kopsox.spreadsheet.data.ods.OpenDocumentSheetTest" name="testGetSheetName"/>
  <testcase time="0.014" classname="org.kopsox.spreadsheet.data.ods.OpenDocumentSheetTest" name="testEquals"/>
  <testcase time="0.015" classname="org.kopsox.spreadsheet.data.ods.OpenDocumentSheetTest" name="testHashCode"/>
</testsuite>