<?xml version="1.0" encoding="UTF-8" ?>
<testsuite failures="0" time="0.458" errors="0" skipped="0" tests="14" name="org.kopsox.spreadsheet.data.ooxml.OOXMLSheetTest">
  <properties>
[...]
</properties>
  <testcase time="0.027" classname="org.kopsox.spreadsheet.data.ooxml.OOXMLSheetTest" name="testGetWorkbook"/>
  <testcase time="0.023" classname="org.kopsox.spreadsheet.data.ooxml.OOXMLSheetTest" name="testGetNumberOfLastColumn"/>
  <testcase time="0.04" classname="org.kopsox.spreadsheet.data.ooxml.OOXMLSheetTest" name="testGetNumberOfLastRow"/>
  <testcase time="0.037" classname="org.kopsox.spreadsheet.data.ooxml.OOXMLSheetTest" name="testGetValueAt"/>
  <testcase time="0.063" classname="org.kopsox.spreadsheet.data.ooxml.OOXMLSheetTest" name="testSetFormualaAt"/>
  <testcase time="0.032" classname="org.kopsox.spreadsheet.data.ooxml.OOXMLSheetTest" name="testSetValueAtIntIntString"/>
  <testcase time="0.028" classname="org.kopsox.spreadsheet.data.ooxml.OOXMLSheetTest" name="testSetValueAtIntIntDouble"/>
  <testcase time="0.044" classname="org.kopsox.spreadsheet.data.ooxml.OOXMLSheetTest" name="testSetValueAtIntIntDate"/>
  <testcase time="0.036" classname="org.kopsox.spreadsheet.data.ooxml.OOXMLSheetTest" name="testSetValueAtIntIntTime"/>
  <testcase time="0.028" classname="org.kopsox.spreadsheet.data.ooxml.OOXMLSheetTest" name="testSetValueAtIntIntBoolean"/>
  <testcase time="0.024" classname="org.kopsox.spreadsheet.data.ooxml.OOXMLSheetTest" name="testGetSheetIndex"/>
  <testcase time="0.021" classname="org.kopsox.spreadsheet.data.ooxml.OOXMLSheetTest" name="testGetSheetName"/>
  <testcase time="0.026" classname="org.kopsox.spreadsheet.data.ooxml.OOXMLSheetTest" name="testEquals"/>
  <testcase time="0.022" classname="org.kopsox.spreadsheet.data.ooxml.OOXMLSheetTest" name="testHashCode"/>
</testsuite>